<?xml version="1.0" encoding="UTF-8"?>
<testsuite xmlns:xsi="http://www.w3.org/2001/XMLSchema-instance" xsi:noNamespaceSchemaLocation="https://maven.apache.org/surefire/maven-surefire-plugin/xsd/surefire-test-report.xsd" name="Projekt.statisticsCalculatorTestingSelenium.MainPageTest" time="60.367" tests="6" errors="0" skipped="0" failures="4">
  <properties>
[...]
</properties>
  <testcase name="clickOnImportFile" classname="Projekt.statisticsCalculatorTestingSelenium.MainPageTest" time="4.774">
    <failure message="Element should be visible {#importFile}&#10;Element: &apos;&lt;input _ngcontent-yyi-c77 accept=&quot;.csv&quot; id=&quot;importFile&quot; multiple=&quot;false&quot; type=&quot;file&quot; value displayed:false&gt;&lt;/input&gt;&apos;&#10;Actual value: visible:false&#10;Screenshot: file:/E:/StatisticsCalculator/statisticsCalculatorSeleniumTesting/build/reports/tests/1613499439980.0.png&#10;Page source: file:/E:/StatisticsCalculator/statisticsCalculatorSeleniumTesting/build/reports/tests/1613499439980.0.html&#10;Timeout: 4 s." type="com.codeborne.selenide.ex.ElementShould"><![CDATA[com.codeborne.selenide.ex.ElementShould: 
Element should be visible {#importFile}
Element: '<input _ngcontent-yyi-c77 accept=".csv" id="importFile" multiple="false" type="file" value displayed:false></input>'
Actual value: visible:false
Screenshot: file:/E:/StatisticsCalculator/statisticsCalculatorSeleniumTesting/build/reports/tests/1613499439980.0.png
Page source: file:/E:/StatisticsCalculator/statisticsCalculatorSeleniumTesting/build/reports/tests/1613499439980.0.html
Timeout: 4 s.
	at Projekt.statisticsCalculatorTestingSelenium.MainPageTest.clickOnImportFile(MainPageTest.java:38)
]]></failure>
    <system-err><![CDATA[[main] INFO com.codeborne.selenide.impl.WebDriverThreadLocalContainer - No webdriver is bound to current thread: 1 - let's create a new webdriver
[main] INFO com.codeborne.selenide.impl.FileHelper - Creating folder: E:\StatisticsCalculator\statisticsCalculatorSeleniumTesting\build\downloads\1613499395449_6668_1
[main] INFO io.github.bonigarcia.wdm.WebDriverManager - Using chromedriver 88.0.4324.96 (resolved driver for Chrome 88)
[main] INFO io.github.bonigarcia.wdm.WebDriverManager - Reading https://chromedriver.storage.googleapis.com/ to seek chromedriver
[main] INFO io.github.bonigarcia.wdm.online.Downloader - Downloading https://chromedriver.storage.googleapis.com/88.0.4324.96/chromedriver_win32.zip
[main] INFO io.github.bonigarcia.wdm.online.Downloader - Extracting driver from compressed file chromedriver_win32.zip
[main] INFO io.github.bonigarcia.wdm.WebDriverManager - Exporting webdriver.chrome.driver as C:\Users\User\.cache\selenium\chromedriver\win32\88.0.4324.96\chromedriver.exe
[main] INFO com.codeborne.selenide.impl.FileHelper - Creating folder: E:\StatisticsCalculator\statisticsCalculatorSeleniumTesting\build\reports\tests
[main] INFO com.codeborne.selenide.webdriver.AbstractDriverFactory - Write webdriver logs to: E:\StatisticsCalculator\statisticsCalculatorSeleniumTesting\build\reports\tests\webdriver.1613499432453_6668_1.log
Starting ChromeDriver 88.0.4324.96 (68dba2d8a0b149a1d3afac56fa74648032bcf46b-refs/branch-heads/4324@{#1784}) on port 2435
Only local connections are allowed.
Please see https://chromedriver.chromium.org/security-considerations for suggestions on keeping ChromeDriver safe.
ChromeDriver was started successfully.
Feb. 16, 2021 7:17:13 PM org.openqa.selenium.remote.ProtocolHandshake createSession
INFO: Detected dialect: W3C
[main] INFO com.codeborne.selenide.webdriver.BrowserResizer - Set browser size to 1366x768
[main] INFO com.codeborne.selenide.webdriver.WebDriverFactory - BrowserName=chrome Version=88.0.4324.150 Platform=WINDOWS
[main] INFO com.codeborne.selenide.webdriver.WebDriverFactory - Selenide v. 5.16.2
[main] INFO com.codeborne.selenide.webdriver.WebDriverFactory - Selenium WebDriver v. 3.141.59 build time: 2018-11-14T08:17:03
[main] INFO com.codeborne.selenide.drivercommands.CreateDriverCommand - Create webdriver in current thread 1: ChromeDriver -> ChromeDriver: chrome on WINDOWS (1d255de957ba3034868c7d43aaace7ca)
]]></system-err>
  </testcase>
  <testcase name="inputDeviation" classname="Projekt.statisticsCalculatorTestingSelenium.MainPageTest" time="4.877">
    <failure message="Element not found {#meanDeviation}&#10;Expected: visible&#10;Screenshot: file:/E:/StatisticsCalculator/statisticsCalculatorSeleniumTesting/build/reports/tests/1613499444859.1.png&#10;Page source: file:/E:/StatisticsCalculator/statisticsCalculatorSeleniumTesting/build/reports/tests/1613499444859.1.html&#10;Timeout: 4 s.&#10;Caused by: NoSuchElementException: no such element: Unable to locate element: {&quot;method&quot;:&quot;css selector&quot;,&quot;selector&quot;:&quot;#meanDeviation&quot;}" type="com.codeborne.selenide.ex.ElementNotFound">com.codeborne.selenide.ex.ElementNotFound: 
Element not found {#meanDeviation}
Expected: visible
Screenshot: file:/E:/StatisticsCalculator/statisticsCalculatorSeleniumTesting/build/reports/tests/1613499444859.1.png
Page source: file:/E:/StatisticsCalculator/statisticsCalculatorSeleniumTesting/build/reports/tests/1613499444859.1.html
Timeout: 4 s.
Caused by: NoSuchElementException: no such element: Unable to locate element: {"method":"css selector","selector":"#meanDeviation"}
	at Projekt.statisticsCalculatorTestingSelenium.MainPageTest.inputDeviation(MainPageTest.java:52)
Caused by: org.openqa.selenium.NoSuchElementException: 
no such element: Unable to locate element: {"method":"css selector","selector":"#meanDeviation"}
  (Session info: chrome=88.0.4324.150)
For documentation on this error, please visit: https://www.seleniumhq.org/exceptions/no_such_element.html
Build info: version: '3.141.59', revision: 'e82be7d358', time: '2018-11-14T08:17:03'
System info: host: 'DESKTOP-23QVBVH', ip: '192.168.43.201', os.name: 'Windows 10', os.arch: 'amd64', os.version: '10.0', java.version: '15.0.2'
Driver info: org.openqa.selenium.chrome.ChromeDriver
Capabilities {acceptInsecureCerts: true, browserName: chrome, browserVersion: 88.0.4324.150, chrome: {chromedriverVersion: 88.0.4324.96 (68dba2d8a0b14..., userDataDir: C:\Users\User\AppData\Local...}, goog:chromeOptions: {debuggerAddress: localhost:63283}, javascriptEnabled: true, networkConnectionEnabled: false, pageLoadStrategy: normal, platform: WINDOWS, platformName: WINDOWS, proxy: Proxy(), setWindowRect: true, strictFileInteractability: false, timeouts: {implicit: 0, pageLoad: 300000, script: 30000}, unhandledPromptBehavior: dismiss and notify, webauthn:extension:largeBlob: true, webauthn:virtualAuthenticators: true}
Session ID: 1d255de957ba3034868c7d43aaace7ca
*** Element info: {Using=css selector, value=#meanDeviation}
	at Projekt.statisticsCalculatorTestingSelenium.MainPageTest.inputDeviation(MainPageTest.java:52)
</failure>
  </testcase>
  <testcase name="expSample" classname="Projekt.statisticsCalculatorTestingSelenium.MainPageTest" time="4.698">
    <failure message="Element should be visible {#explSample}&#10;Element: &apos;&lt;input _ngcontent-xgp-c77 class=&quot;ng-untouched ng-pristine ng-valid&quot; formcontrolname=&quot;sampleType&quot; id=&quot;explSample&quot; name=&quot;sampleType&quot; ng-reflect-form-control-name=&quot;sampleType&quot; ng-reflect-name=&quot;sampleType&quot; ng-reflect-value=&quot;explizit&quot; type=&quot;radio&quot; value=&quot;explizit&quot; displayed:false&gt;&lt;/input&gt;&apos;&#10;Actual value: visible:false&#10;Screenshot: file:/E:/StatisticsCalculator/statisticsCalculatorSeleniumTesting/build/reports/tests/1613499449618.2.png&#10;Page source: file:/E:/StatisticsCalculator/statisticsCalculatorSeleniumTesting/build/reports/tests/1613499449618.2.html&#10;Timeout: 4 s." type="com.codeborne.selenide.ex.ElementShould"><![CDATA[com.codeborne.selenide.ex.ElementShould: 
Element should be visible {#explSample}
Element: '<input _ngcontent-xgp-c77 class="ng-untouched ng-pristine ng-valid" formcontrolname="sampleType" id="explSample" name="sampleType" ng-reflect-form-control-name="sampleType" ng-reflect-name="sampleType" ng-reflect-value="explizit" type="radio" value="explizit" displayed:false></input>'
Actual value: visible:false
Screenshot: file:/E:/StatisticsCalculator/statisticsCalculatorSeleniumTesting/build/reports/tests/1613499449618.2.png
Page source: file:/E:/StatisticsCalculator/statisticsCalculatorSeleniumTesting/build/reports/tests/1613499449618.2.html
Timeout: 4 s.
	at Projekt.statisticsCalculatorTestingSelenium.MainPageTest.expSample(MainPageTest.java:60)
]]></failure>
  </testcase>
  <testcase name="inputNum" classname="Projekt.statisticsCalculatorTestingSelenium.MainPageTest" time="0.328"/>
  <testcase name="absSample" classname="Projekt.statisticsCalculatorTestingSelenium.MainPageTest" time="4.883">
    <failure message="Element should be visible {#absSample}&#10;Element: &apos;&lt;input _ngcontent-hun-c77 class=&quot;ng-untouched ng-pristine ng-valid&quot; formcontrolname=&quot;sampleType&quot; id=&quot;absSample&quot; name=&quot;sampleType&quot; ng-reflect-form-control-name=&quot;sampleType&quot; ng-reflect-name=&quot;sampleType&quot; ng-reflect-value=&quot;absolut&quot; type=&quot;radio&quot; value=&quot;absolut&quot; displayed:false&gt;&lt;/input&gt;&apos;&#10;Actual value: visible:false&#10;Screenshot: file:/E:/StatisticsCalculator/statisticsCalculatorSeleniumTesting/build/reports/tests/1613499454811.3.png&#10;Page source: file:/E:/StatisticsCalculator/statisticsCalculatorSeleniumTesting/build/reports/tests/1613499454811.3.html&#10;Timeout: 4 s." type="com.codeborne.selenide.ex.ElementShould"><![CDATA[com.codeborne.selenide.ex.ElementShould: 
Element should be visible {#absSample}
Element: '<input _ngcontent-hun-c77 class="ng-untouched ng-pristine ng-valid" formcontrolname="sampleType" id="absSample" name="sampleType" ng-reflect-form-control-name="sampleType" ng-reflect-name="sampleType" ng-reflect-value="absolut" type="radio" value="absolut" displayed:false></input>'
Actual value: visible:false
Screenshot: file:/E:/StatisticsCalculator/statisticsCalculatorSeleniumTesting/build/reports/tests/1613499454811.3.png
Page source: file:/E:/StatisticsCalculator/statisticsCalculatorSeleniumTesting/build/reports/tests/1613499454811.3.html
Timeout: 4 s.
	at Projekt.statisticsCalculatorTestingSelenium.MainPageTest.absSample(MainPageTest.java:69)
]]></failure>
  </testcase>
  <testcase name="buttonShowResults" classname="Projekt.statisticsCalculatorTestingSelenium.MainPageTest" time="0.198"/>
</testsuite>